<?xml version="1.0" encoding="UTF-8"?>
<testsuite xmlns:xsi="http://www.w3.org/2001/XMLSchema-instance" xsi:noNamespaceSchemaLocation="https://maven.apache.org/surefire/maven-surefire-plugin/xsd/surefire-test-report-3.0.xsd" version="3.0" name="com.devopservice.AuthControllerTest" time="1.822" tests="3" errors="0" skipped="0" failures="0">
  <properties>
[...]
</properties>
  <testcase name="shouldRejectDuplicateEmail" classname="com.devopservice.AuthControllerTest" time="0.466">
    <system-out><![CDATA[2025-08-24T07:39:18.106Z  INFO 3618 --- [           main] t.c.s.AnnotationConfigContextLoaderUtils : Could not detect default configuration classes for test class [com.devopservice.AuthControllerTest]: AuthControllerTest does not declare any static, non-private, non-final, nested classes annotated with @Configuration.
2025-08-24T07:39:18.114Z  INFO 3618 --- [           main] .b.t.c.SpringBootTestContextBootstrapper : Found @SpringBootConfiguration com.devopservice.Main for test class com.devopservice.AuthControllerTest

  .   ____          _            __ _ _
 /\\ / ___'_ __ _ _(_)_ __  __ _ \ \ \ \
( ( )\___ | '_ | '_| | '_ \/ _` | \ \ \ \
 \\/  ___)| |_)| | | | | || (_| |  ) ) ) )
  '  |____| .__|_| |_|_| |_\__, | / / / /
 =========|_|==============|___/=/_/_/_/

 :: Spring Boot ::                (v3.3.2)

2025-08-24T07:39:18.161Z  INFO 3618 --- [           main] com.devopservice.AuthControllerTest      : Starting AuthControllerTest using Java 17.0.16 with PID 3618 (started by runner in /home/runner/work/Devops_mikroservices_project/Devops_mikroservices_project/services/user-service/devops_mirco_project)
2025-08-24T07:39:18.162Z  INFO 3618 --- [           main] com.devopservice.AuthControllerTest      : No active profile set, falling back to 1 default profile: "default"
2025-08-24T07:39:18.395Z  INFO 3618 --- [           main] .s.d.r.c.RepositoryConfigurationDelegate : Bootstrapping Spring Data JPA repositories in DEFAULT mode.
2025-08-24T07:39:18.403Z  INFO 3618 --- [           main] .s.d.r.c.RepositoryConfigurationDelegate : Finished Spring Data repository scanning in 6 ms. Found 1 JPA repository interface.
2025-08-24T07:39:18.502Z  INFO 3618 --- [           main] o.hibernate.jpa.internal.util.LogHelper  : HHH000204: Processing PersistenceUnitInfo [name: default]
2025-08-24T07:39:18.504Z  INFO 3618 --- [           main] o.h.c.internal.RegionFactoryInitiator    : HHH000026: Second-level cache disabled
2025-08-24T07:39:18.514Z  INFO 3618 --- [           main] o.s.o.j.p.SpringPersistenceUnitInfo      : No LoadTimeWeaver setup: ignoring JPA class transformer
2025-08-24T07:39:18.515Z  INFO 3618 --- [           main] com.zaxxer.hikari.HikariDataSource       : HikariPool-2 - Starting...
2025-08-24T07:39:18.516Z  INFO 3618 --- [           main] com.zaxxer.hikari.pool.HikariPool        : HikariPool-2 - Added connection conn10: url=jdbc:h2:mem:testdb user=SA
2025-08-24T07:39:18.516Z  INFO 3618 --- [           main] com.zaxxer.hikari.HikariDataSource       : HikariPool-2 - Start completed.
2025-08-24T07:39:18.517Z  WARN 3618 --- [           main] org.hibernate.orm.deprecation            : HHH90000025: H2Dialect does not need to be specified explicitly using 'hibernate.dialect' (remove the property setting and it will be selected by default)
2025-08-24T07:39:18.557Z  INFO 3618 --- [           main] o.h.e.t.j.p.i.JtaPlatformInitiator       : HHH000489: No JTA platform available (set 'hibernate.transaction.jta.platform' to enable JTA platform integration)
2025-08-24T07:39:18.561Z  INFO 3618 --- [           main] j.LocalContainerEntityManagerFactoryBean : Initialized JPA EntityManagerFactory for persistence unit 'default'
2025-08-24T07:39:18.654Z  WARN 3618 --- [           main] .s.s.UserDetailsServiceAutoConfiguration : 

Using generated security password: 7c36ddaf-8a7c-4125-9a57-745063b356d6

This generated password is for development use only. Your security configuration must be updated before running your application in production.

2025-08-24T07:39:18.655Z  INFO 3618 --- [           main] r$InitializeUserDetailsManagerConfigurer : Global AuthenticationManager configured with UserDetailsService bean with name inMemoryUserDetailsManager
2025-08-24T07:39:18.853Z  INFO 3618 --- [           main] o.s.b.a.e.web.EndpointLinksResolver      : Exposing 3 endpoints beneath base path '/actuator'
2025-08-24T07:39:19.141Z  INFO 3618 --- [           main] o.s.b.t.m.w.SpringBootMockServletContext : Initializing Spring TestDispatcherServlet ''
2025-08-24T07:39:19.141Z  INFO 3618 --- [           main] o.s.t.web.servlet.TestDispatcherServlet  : Initializing Servlet ''
2025-08-24T07:39:19.142Z  INFO 3618 --- [           main] o.s.t.web.servlet.TestDispatcherServlet  : Completed initialization in 1 ms
2025-08-24T07:39:19.165Z  INFO 3618 --- [           main] com.devopservice.AuthControllerTest      : Started AuthControllerTest in 1.047 seconds (process running for 8.521)
]]></system-out>
  </testcase>
  <testcase name="shouldLoginWithValidCredentials" classname="com.devopservice.AuthControllerTest" time="0.199"/>
  <testcase name="shouldRegisterNewUser" classname="com.devopservice.AuthControllerTest" time="0.089"/>
</testsuite>